<?xml version="1.0" encoding="UTF-8"?>
<testng-results ignored="0" total="1" passed="1" failed="0" skipped="0">
  <reporter-output>
  </reporter-output>
  <suite started-at="2022-07-13T15:55:15 IST" name="Default suite" finished-at="2022-07-13T15:55:24 IST" duration-ms="8801">
    <groups>
    </groups>
    <test started-at="2022-07-13T15:55:15 IST" name="Default test" finished-at="2022-07-13T15:55:24 IST" duration-ms="8801">
      <class name="ComKiteQaTestCases.HomePageTest">
        <test-method is-config="true" signature="setup()[pri:0, instance:ComKiteQaTestCases.HomePageTest@54227100]" started-at="2022-07-13T15:55:15 IST" name="setup" finished-at="2022-07-13T15:55:18 IST" duration-ms="3504" status="PASS">
          <reporter-output>
          </reporter-output>
        </test-method> <!-- setup -->
        <test-method signature="HomepageTitle()[pri:0, instance:ComKiteQaTestCases.HomePageTest@54227100]" started-at="2022-07-13T15:55:18 IST" name="HomepageTitle" finished-at="2022-07-13T15:55:20 IST" duration-ms="2026" status="PASS">
          <reporter-output>
          </reporter-output>
        </test-method> <!-- HomepageTitle -->
        <test-method is-config="true" signature="TearDown()[pri:0, instance:ComKiteQaTestCases.HomePageTest@54227100]" started-at="2022-07-13T15:55:20 IST" name="TearDown" finished-at="2022-07-13T15:55:24 IST" duration-ms="3233" status="PASS">
          <reporter-output>
          </reporter-output>
        </test-method> <!-- TearDown -->
      </class> <!-- ComKiteQaTestCases.HomePageTest -->
    </test> <!-- Default test -->
  </suite> <!-- Default suite -->
</testng-results>
